  [1m[35m (1861.3ms)[0m  [1m[35mCREATE DATABASE "RedditClone_development" ENCODING = 'unicode'[0m
  ↳ bin/rails:9
  [1m[35m (1479.0ms)[0m  [1m[35mCREATE DATABASE "RedditClone_test" ENCODING = 'unicode'[0m
  ↳ bin/rails:9
  [1m[35m (49.3ms)[0m  [1m[35mCREATE TABLE "schema_migrations" ("version" character varying NOT NULL PRIMARY KEY)[0m
  ↳ bin/rails:9
  [1m[35m (8.9ms)[0m  [1m[35mCREATE TABLE "ar_internal_metadata" ("key" character varying NOT NULL PRIMARY KEY, "value" character varying, "created_at" timestamp NOT NULL, "updated_at" timestamp NOT NULL)[0m
  ↳ bin/rails:9
  [1m[35m (0.1ms)[0m  [1m[34mSELECT pg_try_advisory_lock(6711173107426626090)[0m
  ↳ bin/rails:9
  [1m[35m (6.4ms)[0m  [1m[34mSELECT "schema_migrations"."version" FROM "schema_migrations" ORDER BY "schema_migrations"."version" ASC[0m
  ↳ bin/rails:9
Migrating to CreateUsers (20210412150739)
  [1m[35m (0.2ms)[0m  [1m[35mBEGIN[0m
  ↳ bin/rails:9
  [1m[35m (11.1ms)[0m  [1m[35mCREATE TABLE "users" ("id" bigserial primary key, "username" character varying, "password_d" character varying, "session_token" character varying)[0m
  ↳ db/migrate/20210412150739_create_users.rb:3
  [1m[36mActiveRecord::SchemaMigration Create (0.7ms)[0m  [1m[32mINSERT INTO "schema_migrations" ("version") VALUES ($1) RETURNING "version"[0m  [["version", "20210412150739"]]
  ↳ bin/rails:9
  [1m[35m (0.3ms)[0m  [1m[35mCOMMIT[0m
  ↳ bin/rails:9
  [1m[36mActiveRecord::InternalMetadata Load (7.1ms)[0m  [1m[34mSELECT  "ar_internal_metadata".* FROM "ar_internal_metadata" WHERE "ar_internal_metadata"."key" = $1 LIMIT $2[0m  [["key", "environment"], ["LIMIT", 1]]
  ↳ bin/rails:9
  [1m[35m (0.1ms)[0m  [1m[35mBEGIN[0m
  ↳ bin/rails:9
  [1m[36mActiveRecord::InternalMetadata Create (0.7ms)[0m  [1m[32mINSERT INTO "ar_internal_metadata" ("key", "value", "created_at", "updated_at") VALUES ($1, $2, $3, $4) RETURNING "key"[0m  [["key", "environment"], ["value", "development"], ["created_at", "2021-04-12 15:09:54.771195"], ["updated_at", "2021-04-12 15:09:54.771195"]]
  ↳ bin/rails:9
  [1m[35m (0.4ms)[0m  [1m[35mCOMMIT[0m
  ↳ bin/rails:9
  [1m[35m (0.2ms)[0m  [1m[34mSELECT pg_advisory_unlock(6711173107426626090)[0m
  ↳ bin/rails:9
  [1m[35m (0.4ms)[0m  [1m[34mSELECT "schema_migrations"."version" FROM "schema_migrations" ORDER BY "schema_migrations"."version" ASC[0m
  ↳ bin/rails:9
Started GET "/" for ::1 at 2021-04-12 11:45:28 -0400
  [1m[35m (10.7ms)[0m  [1m[34mSELECT "schema_migrations"."version" FROM "schema_migrations" ORDER BY "schema_migrations"."version" ASC[0m
  ↳ /home/sam_qi/.rbenv/versions/2.5.1/lib/ruby/gems/2.5.0/gems/activerecord-5.2.5/lib/active_record/log_subscriber.rb:98
Processing by Rails::WelcomeController#index as HTML
  Rendering /home/sam_qi/.rbenv/versions/2.5.1/lib/ruby/gems/2.5.0/gems/railties-5.2.5/lib/rails/templates/rails/welcome/index.html.erb
  Rendered /home/sam_qi/.rbenv/versions/2.5.1/lib/ruby/gems/2.5.0/gems/railties-5.2.5/lib/rails/templates/rails/welcome/index.html.erb (9.3ms)
Completed 200 OK in 38ms (Views: 15.9ms | ActiveRecord: 0.0ms)


Started GET "/users/new" for ::1 at 2021-04-12 11:55:04 -0400
Processing by UsersController#new as HTML
  Rendering users/new.html.erb within layouts/application
  Rendered users/new.html.erb within layouts/application (0.3ms)
Completed 200 OK in 520ms (Views: 485.5ms | ActiveRecord: 24.2ms)


Started GET "/users/new" for ::1 at 2021-04-12 11:55:59 -0400
Processing by UsersController#new as HTML
  Rendering users/new.html.erb within layouts/application
  Rendered users/new.html.erb within layouts/application (0.3ms)
Completed 200 OK in 42ms (Views: 40.7ms | ActiveRecord: 0.0ms)


Started GET "/users/new" for ::1 at 2021-04-12 11:56:01 -0400
Processing by UsersController#new as HTML
  Rendering users/new.html.erb within layouts/application
  Rendered users/new.html.erb within layouts/application (0.3ms)
Completed 200 OK in 27ms (Views: 26.4ms | ActiveRecord: 0.0ms)


Started GET "/users/new" for ::1 at 2021-04-12 11:56:17 -0400
Processing by UsersController#new as HTML
  Rendering users/new.html.erb within layouts/application
  Rendered users/new.html.erb within layouts/application (0.2ms)
Completed 200 OK in 29ms (Views: 28.0ms | ActiveRecord: 0.0ms)


Started GET "/users/new" for ::1 at 2021-04-12 11:56:58 -0400
Processing by UsersController#new as HTML
  Rendering users/new.html.erb within layouts/application
  Rendered users/new.html.erb within layouts/application (0.3ms)
Completed 200 OK in 30ms (Views: 29.3ms | ActiveRecord: 0.0ms)


Started GET "/session/new" for ::1 at 2021-04-12 11:57:39 -0400

SyntaxError - class/module name must be CONSTANT
class sessionsController
                        ^:
  app/controllers/sessions_controller.rb:1:in `'

Started POST "/__better_errors/88c34f737ae0143a/variables" for ::1 at 2021-04-12 11:57:39 -0400
Started GET "/session/new" for ::1 at 2021-04-12 11:58:40 -0400

ActionController::RoutingError - undefined method `before_action' for SessionsController:Class:

Started POST "/__better_errors/8633f66835e4f5a8/variables" for ::1 at 2021-04-12 11:58:40 -0400
Started GET "/session/new" for ::1 at 2021-04-12 11:59:27 -0400
Processing by SessionsController#new as HTML
  Rendering sessions/new.html.erb within layouts/application
  Rendered sessions/new.html.erb within layouts/application (0.3ms)
Completed 200 OK in 32ms (Views: 31.5ms | ActiveRecord: 0.0ms)


Started GET "/session/new" for ::1 at 2021-04-12 12:02:15 -0400
Processing by SessionsController#new as HTML
  Rendering sessions/new.html.erb within layouts/application
  Rendered sessions/new.html.erb within layouts/application (0.5ms)
Completed 200 OK in 45ms (Views: 44.1ms | ActiveRecord: 0.0ms)


Started POST "/session" for ::1 at 2021-04-12 12:02:19 -0400
Processing by SessionsController#create as HTML
  Parameters: {"user"=>{"username"=>"sadasd", "password"=>"[FILTERED]"}}
Can't verify CSRF token authenticity.
Completed 422 Unprocessable Entity in 2ms (ActiveRecord: 0.0ms)



ActionController::InvalidAuthenticityToken - ActionController::InvalidAuthenticityToken:

Started POST "/__better_errors/eed0e44d938ad59a/variables" for ::1 at 2021-04-12 12:02:19 -0400
Started GET "/session" for ::1 at 2021-04-12 12:04:11 -0400
  
ActionController::RoutingError (No route matches [GET] "/session"):
  
actionpack (5.2.5) lib/action_dispatch/middleware/debug_exceptions.rb:65:in `call'
web-console (3.7.0) lib/web_console/middleware.rb:135:in `call_app'
web-console (3.7.0) lib/web_console/middleware.rb:30:in `block in call'
web-console (3.7.0) lib/web_console/middleware.rb:20:in `catch'
web-console (3.7.0) lib/web_console/middleware.rb:20:in `call'
actionpack (5.2.5) lib/action_dispatch/middleware/show_exceptions.rb:33:in `call'
railties (5.2.5) lib/rails/rack/logger.rb:38:in `call_app'
railties (5.2.5) lib/rails/rack/logger.rb:26:in `block in call'
activesupport (5.2.5) lib/active_support/tagged_logging.rb:71:in `block in tagged'
activesupport (5.2.5) lib/active_support/tagged_logging.rb:28:in `tagged'
activesupport (5.2.5) lib/active_support/tagged_logging.rb:71:in `tagged'
railties (5.2.5) lib/rails/rack/logger.rb:26:in `call'
sprockets-rails (3.2.2) lib/sprockets/rails/quiet_assets.rb:13:in `call'
actionpack (5.2.5) lib/action_dispatch/middleware/remote_ip.rb:81:in `call'
actionpack (5.2.5) lib/action_dispatch/middleware/request_id.rb:27:in `call'
rack (2.2.3) lib/rack/method_override.rb:24:in `call'
rack (2.2.3) lib/rack/runtime.rb:22:in `call'
activesupport (5.2.5) lib/active_support/cache/strategy/local_cache_middleware.rb:29:in `call'
actionpack (5.2.5) lib/action_dispatch/middleware/executor.rb:14:in `call'
actionpack (5.2.5) lib/action_dispatch/middleware/static.rb:127:in `call'
rack (2.2.3) lib/rack/sendfile.rb:110:in `call'
railties (5.2.5) lib/rails/engine.rb:524:in `call'
puma (3.12.6) lib/puma/configuration.rb:227:in `call'
puma (3.12.6) lib/puma/server.rb:706:in `handle_request'
puma (3.12.6) lib/puma/server.rb:476:in `process_client'
puma (3.12.6) lib/puma/server.rb:334:in `block in run'
puma (3.12.6) lib/puma/thread_pool.rb:135:in `block in spawn_thread'
Started POST "/session" for ::1 at 2021-04-12 12:04:14 -0400
Processing by SessionsController#create as HTML
  Parameters: {"user"=>{"username"=>"sadasd", "password"=>"[FILTERED]"}}
Can't verify CSRF token authenticity.
Completed 422 Unprocessable Entity in 1ms (ActiveRecord: 0.0ms)



ActionController::InvalidAuthenticityToken - ActionController::InvalidAuthenticityToken:

Started POST "/__better_errors/fbc84af75b1cd053/variables" for ::1 at 2021-04-12 12:04:15 -0400
Started GET "/session" for ::1 at 2021-04-12 12:06:21 -0400
  
ActionController::RoutingError (No route matches [GET] "/session"):
  
actionpack (5.2.5) lib/action_dispatch/middleware/debug_exceptions.rb:65:in `call'
web-console (3.7.0) lib/web_console/middleware.rb:135:in `call_app'
web-console (3.7.0) lib/web_console/middleware.rb:30:in `block in call'
web-console (3.7.0) lib/web_console/middleware.rb:20:in `catch'
web-console (3.7.0) lib/web_console/middleware.rb:20:in `call'
actionpack (5.2.5) lib/action_dispatch/middleware/show_exceptions.rb:33:in `call'
railties (5.2.5) lib/rails/rack/logger.rb:38:in `call_app'
railties (5.2.5) lib/rails/rack/logger.rb:26:in `block in call'
activesupport (5.2.5) lib/active_support/tagged_logging.rb:71:in `block in tagged'
activesupport (5.2.5) lib/active_support/tagged_logging.rb:28:in `tagged'
activesupport (5.2.5) lib/active_support/tagged_logging.rb:71:in `tagged'
railties (5.2.5) lib/rails/rack/logger.rb:26:in `call'
sprockets-rails (3.2.2) lib/sprockets/rails/quiet_assets.rb:13:in `call'
actionpack (5.2.5) lib/action_dispatch/middleware/remote_ip.rb:81:in `call'
actionpack (5.2.5) lib/action_dispatch/middleware/request_id.rb:27:in `call'
rack (2.2.3) lib/rack/method_override.rb:24:in `call'
rack (2.2.3) lib/rack/runtime.rb:22:in `call'
activesupport (5.2.5) lib/active_support/cache/strategy/local_cache_middleware.rb:29:in `call'
actionpack (5.2.5) lib/action_dispatch/middleware/executor.rb:14:in `call'
actionpack (5.2.5) lib/action_dispatch/middleware/static.rb:127:in `call'
rack (2.2.3) lib/rack/sendfile.rb:110:in `call'
railties (5.2.5) lib/rails/engine.rb:524:in `call'
puma (3.12.6) lib/puma/configuration.rb:227:in `call'
puma (3.12.6) lib/puma/server.rb:706:in `handle_request'
puma (3.12.6) lib/puma/server.rb:476:in `process_client'
puma (3.12.6) lib/puma/server.rb:334:in `block in run'
puma (3.12.6) lib/puma/thread_pool.rb:135:in `block in spawn_thread'
Started POST "/session" for ::1 at 2021-04-12 12:06:27 -0400
Processing by SessionsController#create as HTML
  Parameters: {"user"=>{"username"=>"sadasd", "password"=>"[FILTERED]"}}
Can't verify CSRF token authenticity.
Completed 422 Unprocessable Entity in 1ms (ActiveRecord: 0.0ms)



ActionController::InvalidAuthenticityToken - ActionController::InvalidAuthenticityToken:

Started POST "/__better_errors/5c811723a3e2f704/variables" for ::1 at 2021-04-12 12:06:28 -0400
Started POST "/session" for ::1 at 2021-04-12 12:08:01 -0400
Processing by SessionsController#create as HTML
  Parameters: {"user"=>{"username"=>"sadasd", "password"=>"[FILTERED]"}}
Can't verify CSRF token authenticity.
Completed 422 Unprocessable Entity in 1ms (ActiveRecord: 0.0ms)



ActionController::InvalidAuthenticityToken - ActionController::InvalidAuthenticityToken:

Started POST "/__better_errors/1daf78c201156e8d/variables" for ::1 at 2021-04-12 12:08:01 -0400
Started GET "/users/new" for ::1 at 2021-04-12 12:10:15 -0400
Processing by UsersController#new as HTML
  Rendering users/new.html.erb within layouts/application
  Rendered users/new.html.erb within layouts/application (0.3ms)
Completed 200 OK in 71ms (Views: 52.5ms | ActiveRecord: 7.9ms)


Started GET "/users/new" for ::1 at 2021-04-12 12:11:57 -0400
Processing by UsersController#new as HTML
  Rendering users/new.html.erb within layouts/application
  Rendered users/new.html.erb within layouts/application (0.9ms)
Completed 200 OK in 48ms (Views: 36.6ms | ActiveRecord: 3.4ms)


Started POST "/users" for ::1 at 2021-04-12 12:12:03 -0400
Processing by UsersController#create as HTML
  Parameters: {"authenticity_token"=>"rJd8ax_Khm4XMJmAO5nHCeF7SIj_S6EpNkIXIw7PRWpVzndSHdcmO2S-WLJRE2KQyfTQskbbhmz9GBUkmN1Vlw", "user"=>{"username"=>"sam", "password"=>"[FILTERED]"}}
  [1m[35m (0.2ms)[0m  [1m[35mBEGIN[0m
  ↳ app/controllers/users_controller.rb:12
  [1m[35m (0.2ms)[0m  [1m[31mROLLBACK[0m
  ↳ app/controllers/users_controller.rb:12
Completed 500 Internal Server Error in 241ms (ActiveRecord: 3.9ms)



NameError - uninitialized constant User::SecureBandom:
  app/models/user.rb:17:in `make_session_token'
  app/models/user.rb:21:in `ensure_session_token'
  app/controllers/users_controller.rb:12:in `create'

Started POST "/__better_errors/1cab37be59d96092/variables" for ::1 at 2021-04-12 12:12:04 -0400
Started GET "/users/new" for ::1 at 2021-04-12 12:13:05 -0400
Processing by UsersController#new as HTML
  Rendering users/new.html.erb within layouts/application
  Rendered users/new.html.erb within layouts/application (0.7ms)
Completed 200 OK in 47ms (Views: 34.2ms | ActiveRecord: 3.6ms)


Started POST "/users" for ::1 at 2021-04-12 12:13:11 -0400
Processing by UsersController#create as HTML
  Parameters: {"authenticity_token"=>"M3-AyTPKkhZSlm128QiRnNGn2plhZpphQFtGTYfUEHPKJovwMdcyQyEYrESbgjQF-ShCo9j2vSSLAURKEcYAjg", "user"=>{"username"=>"sam", "password"=>"[FILTERED]"}}
  [1m[35m (0.2ms)[0m  [1m[35mBEGIN[0m
  ↳ app/controllers/users_controller.rb:12
  [1m[36mUser Exists (9.8ms)[0m  [1m[34mSELECT  1 AS one FROM "users" WHERE "users"."session_token" = $1 LIMIT $2[0m  [["session_token", "adDZGA1APnKO-3TuSj4tIw"], ["LIMIT", 1]]
  ↳ app/controllers/users_controller.rb:12
  [1m[36mUser Create (1.6ms)[0m  [1m[32mINSERT INTO "users" ("username", "password_d", "session_token") VALUES ($1, $2, $3) RETURNING "id"[0m  [["username", "sam"], ["password_d", "$2a$12$cct6EPpNDVWW3FPPWBA0xOFp/NhAdDCl34hBjn8efm34cR5ry/1ki"], ["session_token", "adDZGA1APnKO-3TuSj4tIw"]]
  ↳ app/controllers/users_controller.rb:12
  [1m[35m (6.3ms)[0m  [1m[35mCOMMIT[0m
  ↳ app/controllers/users_controller.rb:12
  [1m[35m (0.1ms)[0m  [1m[35mBEGIN[0m
  ↳ app/models/user.rb:26
  [1m[36mUser Exists (0.5ms)[0m  [1m[34mSELECT  1 AS one FROM "users" WHERE "users"."session_token" = $1 AND "users"."id" != $2 LIMIT $3[0m  [["session_token", "1AMY3ZNSmjXGWa2bLHz01w"], ["id", 1], ["LIMIT", 1]]
  ↳ app/models/user.rb:26
  [1m[36mUser Update (0.4ms)[0m  [1m[33mUPDATE "users" SET "session_token" = $1 WHERE "users"."id" = $2[0m  [["session_token", "1AMY3ZNSmjXGWa2bLHz01w"], ["id", 1]]
  ↳ app/models/user.rb:26
  [1m[35m (0.4ms)[0m  [1m[35mCOMMIT[0m
  ↳ app/models/user.rb:26
Redirected to http://localhost:3000/users
Completed 302 Found in 249ms (ActiveRecord: 19.4ms)


Started GET "/users" for ::1 at 2021-04-12 12:13:12 -0400
Processing by UsersController#index as HTML
  [1m[36mUser Load (0.6ms)[0m  [1m[34mSELECT  "users".* FROM "users" WHERE "users"."session_token" = $1 LIMIT $2[0m  [["session_token", "1AMY3ZNSmjXGWa2bLHz01w"], ["LIMIT", 1]]
  ↳ app/controllers/application_controller.rb:6
  Rendering users/index.html.erb within layouts/application
  Rendered users/index.html.erb within layouts/application (0.3ms)
Completed 200 OK in 44ms (Views: 38.0ms | ActiveRecord: 0.8ms)


Started GET "/session/new" for ::1 at 2021-04-12 12:13:25 -0400
Processing by SessionsController#new as HTML
  Rendering sessions/new.html.erb within layouts/application
  Rendered sessions/new.html.erb within layouts/application (1.3ms)
Completed 200 OK in 42ms (Views: 41.5ms | ActiveRecord: 0.0ms)


Started POST "/session" for ::1 at 2021-04-12 12:13:31 -0400
Processing by SessionsController#create as HTML
  Parameters: {"authenticity_token"=>"WIyei7erSvDuMnEFfBUWUUYAnnznbXmco7cwVqb-shih1ZWytbbqpZ28sDcWn7PIbo8GRl79Xtlo7TJRMOyi5Q", "user"=>{"username"=>"sam", "password"=>"[FILTERED]"}}
  [1m[36mUser Load (0.4ms)[0m  [1m[34mSELECT  "users".* FROM "users" WHERE "users"."username" = $1 LIMIT $2[0m  [["username", "sam"], ["LIMIT", 1]]
  ↳ app/models/user.rb:31
  [1m[35m (0.2ms)[0m  [1m[35mBEGIN[0m
  ↳ app/controllers/sessions_controller.rb:7
  [1m[36mUser Exists (0.4ms)[0m  [1m[34mSELECT  1 AS one FROM "users" WHERE "users"."session_token" = $1 AND "users"."id" != $2 LIMIT $3[0m  [["session_token", "1AMY3ZNSmjXGWa2bLHz01w"], ["id", 1], ["LIMIT", 1]]
  ↳ app/controllers/sessions_controller.rb:7
  [1m[35m (0.2ms)[0m  [1m[35mCOMMIT[0m
  ↳ app/controllers/sessions_controller.rb:7
  [1m[35m (0.2ms)[0m  [1m[35mBEGIN[0m
  ↳ app/models/user.rb:26
  [1m[36mUser Exists (0.4ms)[0m  [1m[34mSELECT  1 AS one FROM "users" WHERE "users"."session_token" = $1 AND "users"."id" != $2 LIMIT $3[0m  [["session_token", "Kkj2O0X7cgWwXxr4e8131Q"], ["id", 1], ["LIMIT", 1]]
  ↳ app/models/user.rb:26
  [1m[36mUser Update (0.4ms)[0m  [1m[33mUPDATE "users" SET "session_token" = $1 WHERE "users"."id" = $2[0m  [["session_token", "Kkj2O0X7cgWwXxr4e8131Q"], ["id", 1]]
  ↳ app/models/user.rb:26
  [1m[35m (0.5ms)[0m  [1m[35mCOMMIT[0m
  ↳ app/models/user.rb:26
Redirected to http://localhost:3000/users/1
Completed 302 Found in 231ms (ActiveRecord: 2.7ms)


Started GET "/users/1" for ::1 at 2021-04-12 12:13:31 -0400
Processing by UsersController#show as HTML
  Parameters: {"id"=>"1"}
  [1m[36mUser Load (0.3ms)[0m  [1m[34mSELECT  "users".* FROM "users" WHERE "users"."session_token" = $1 LIMIT $2[0m  [["session_token", "Kkj2O0X7cgWwXxr4e8131Q"], ["LIMIT", 1]]
  ↳ app/controllers/application_controller.rb:6
  [1m[36mUser Load (0.2ms)[0m  [1m[34mSELECT  "users".* FROM "users" WHERE "users"."id" = $1 LIMIT $2[0m  [["id", 1], ["LIMIT", 1]]
  ↳ app/controllers/users_controller.rb:22
  Rendering users/show.html.erb within layouts/application
  Rendered users/show.html.erb within layouts/application (0.3ms)
Completed 200 OK in 36ms (Views: 32.3ms | ActiveRecord: 0.5ms)


Started GET "/users/1" for ::1 at 2021-04-12 13:51:50 -0400
Processing by UsersController#show as HTML
  Parameters: {"id"=>"1"}
  [1m[36mUser Load (13.1ms)[0m  [1m[34mSELECT  "users".* FROM "users" WHERE "users"."session_token" = $1 LIMIT $2[0m  [["session_token", "Kkj2O0X7cgWwXxr4e8131Q"], ["LIMIT", 1]]
  ↳ app/controllers/application_controller.rb:6
  [1m[36mUser Load (0.2ms)[0m  [1m[34mSELECT  "users".* FROM "users" WHERE "users"."id" = $1 LIMIT $2[0m  [["id", 1], ["LIMIT", 1]]
  ↳ app/controllers/users_controller.rb:22
  Rendering users/show.html.erb within layouts/application
  Rendered users/show.html.erb within layouts/application (0.3ms)
  [1m[36mCACHE User Load (0.0ms)[0m  [1m[34mSELECT  "users".* FROM "users" WHERE "users"."session_token" = $1 LIMIT $2[0m  [["session_token", "Kkj2O0X7cgWwXxr4e8131Q"], ["LIMIT", 1]]
  ↳ app/controllers/application_controller.rb:6
Completed 200 OK in 68ms (Views: 49.2ms | ActiveRecord: 14.4ms)


Started GET "/users/1" for ::1 at 2021-04-12 13:52:11 -0400
Processing by UsersController#show as HTML
  Parameters: {"id"=>"1"}
  [1m[36mUser Load (0.4ms)[0m  [1m[34mSELECT  "users".* FROM "users" WHERE "users"."session_token" = $1 LIMIT $2[0m  [["session_token", "Kkj2O0X7cgWwXxr4e8131Q"], ["LIMIT", 1]]
  ↳ app/controllers/application_controller.rb:6
  [1m[36mUser Load (0.4ms)[0m  [1m[34mSELECT  "users".* FROM "users" WHERE "users"."id" = $1 LIMIT $2[0m  [["id", 1], ["LIMIT", 1]]
  ↳ app/controllers/users_controller.rb:22
  Rendering users/show.html.erb within layouts/application
  Rendered users/show.html.erb within layouts/application (0.3ms)
  [1m[36mCACHE User Load (0.0ms)[0m  [1m[34mSELECT  "users".* FROM "users" WHERE "users"."session_token" = $1 LIMIT $2[0m  [["session_token", "Kkj2O0X7cgWwXxr4e8131Q"], ["LIMIT", 1]]
  ↳ app/controllers/application_controller.rb:6
Completed 200 OK in 46ms (Views: 40.8ms | ActiveRecord: 0.8ms)


Started DELETE "/session" for ::1 at 2021-04-12 13:52:13 -0400
Processing by SessionsController#destroy as HTML
  Parameters: {"authenticity_token"=>"v9L4swsILPOsr6eSy21Fs1KPimwxj0qUua6vavJdxA9Gi_OKCRWMpt8hZqCh5-AqegASVogfbdFy9K1tZE_U8g"}
  [1m[36mUser Load (0.2ms)[0m  [1m[34mSELECT  "users".* FROM "users" WHERE "users"."session_token" = $1 LIMIT $2[0m  [["session_token", "Kkj2O0X7cgWwXxr4e8131Q"], ["LIMIT", 1]]
  ↳ app/controllers/application_controller.rb:6
Completed 500 Internal Server Error in 4ms (ActiveRecord: 0.2ms)



NoMethodError - undefined method `reset_session_token' for nil:NilClass:
  app/controllers/application_controller.rb:19:in `logout'
  app/controllers/sessions_controller.rb:21:in `destroy'

Started POST "/__better_errors/cbb1c60d1c903776/variables" for ::1 at 2021-04-12 13:52:13 -0400
Started DELETE "/session" for ::1 at 2021-04-12 13:53:03 -0400
Processing by SessionsController#destroy as HTML
  Parameters: {"authenticity_token"=>"v9L4swsILPOsr6eSy21Fs1KPimwxj0qUua6vavJdxA9Gi_OKCRWMpt8hZqCh5-AqegASVogfbdFy9K1tZE_U8g"}
  [1m[36mUser Load (0.3ms)[0m  [1m[34mSELECT  "users".* FROM "users" WHERE "users"."session_token" = $1 LIMIT $2[0m  [["session_token", "Kkj2O0X7cgWwXxr4e8131Q"], ["LIMIT", 1]]
  ↳ app/controllers/application_controller.rb:6
  [1m[36mCACHE User Load (0.0ms)[0m  [1m[34mSELECT  "users".* FROM "users" WHERE "users"."session_token" = $1 LIMIT $2[0m  [["session_token", "Kkj2O0X7cgWwXxr4e8131Q"], ["LIMIT", 1]]
  ↳ app/controllers/application_controller.rb:6
  [1m[35m (0.2ms)[0m  [1m[35mBEGIN[0m
  ↳ app/models/user.rb:26
  [1m[36mUser Exists (0.4ms)[0m  [1m[34mSELECT  1 AS one FROM "users" WHERE "users"."session_token" = $1 AND "users"."id" != $2 LIMIT $3[0m  [["session_token", "KML4E5esZcsx-gN83kQEtQ"], ["id", 1], ["LIMIT", 1]]
  ↳ app/models/user.rb:26
  [1m[36mUser Update (0.4ms)[0m  [1m[33mUPDATE "users" SET "session_token" = $1 WHERE "users"."id" = $2[0m  [["session_token", "KML4E5esZcsx-gN83kQEtQ"], ["id", 1]]
  ↳ app/models/user.rb:26
  [1m[35m (6.3ms)[0m  [1m[35mCOMMIT[0m
  ↳ app/models/user.rb:26
Redirected to http://localhost:3000/session/new
Completed 302 Found in 32ms (ActiveRecord: 14.4ms)


Started GET "/session/new" for ::1 at 2021-04-12 13:53:03 -0400
Processing by SessionsController#new as HTML
  Rendering sessions/new.html.erb within layouts/application
  Rendered sessions/new.html.erb within layouts/application (0.5ms)
  [1m[36mUser Load (0.2ms)[0m  [1m[34mSELECT  "users".* FROM "users" WHERE "users"."session_token" IS NULL LIMIT $1[0m  [["LIMIT", 1]]
  ↳ app/controllers/application_controller.rb:6
Completed 200 OK in 31ms (Views: 30.1ms | ActiveRecord: 0.2ms)


Started POST "/session" for ::1 at 2021-04-12 13:53:16 -0400
Processing by SessionsController#create as HTML
  Parameters: {"authenticity_token"=>"r7PkBUmOhQsbzEsnI39kjGa1X_fLP1JriBkWGXXG-_tW6u88S5MlXmhCihVJ9cEVTjrHzXKvdS5DQxQe49TrBg", "user"=>{"username"=>"sam123456", "password"=>"[FILTERED]"}}
  [1m[36mUser Load (0.4ms)[0m  [1m[34mSELECT  "users".* FROM "users" WHERE "users"."username" = $1 LIMIT $2[0m  [["username", "sam123456"], ["LIMIT", 1]]
  ↳ app/models/user.rb:31
Completed 500 Internal Server Error in 11ms (ActiveRecord: 2.0ms)



NoMethodError - undefined method `save' for nil:NilClass:
  app/controllers/sessions_controller.rb:7:in `create'

Started POST "/__better_errors/86cbd63dabcd4e48/variables" for ::1 at 2021-04-12 13:53:16 -0400
Started GET "/session/new" for ::1 at 2021-04-12 13:53:45 -0400
Processing by SessionsController#new as HTML
  Rendering sessions/new.html.erb within layouts/application
  Rendered sessions/new.html.erb within layouts/application (0.7ms)
  [1m[36mUser Load (0.3ms)[0m  [1m[34mSELECT  "users".* FROM "users" WHERE "users"."session_token" IS NULL LIMIT $1[0m  [["LIMIT", 1]]
  ↳ app/controllers/application_controller.rb:6
Completed 200 OK in 29ms (Views: 28.4ms | ActiveRecord: 0.3ms)


Started POST "/session" for ::1 at 2021-04-12 13:54:20 -0400
Processing by SessionsController#create as HTML
  Parameters: {"authenticity_token"=>"UbAZwj2YDOnzmnECD5KEwZ8zKq-GSuvH5GbOFnuJiJmo6RL7P4WsvIAUsDBlGCFYt7yylT_azIIvPMwR7ZuYZA", "user"=>{"username"=>"sam", "password"=>"[FILTERED]"}}
  [1m[36mUser Load (0.4ms)[0m  [1m[34mSELECT  "users".* FROM "users" WHERE "users"."username" = $1 LIMIT $2[0m  [["username", "sam"], ["LIMIT", 1]]
  ↳ app/models/user.rb:31
  [1m[35m (0.1ms)[0m  [1m[35mBEGIN[0m
  ↳ app/controllers/sessions_controller.rb:7
  [1m[36mUser Exists (0.3ms)[0m  [1m[34mSELECT  1 AS one FROM "users" WHERE "users"."session_token" = $1 AND "users"."id" != $2 LIMIT $3[0m  [["session_token", "KML4E5esZcsx-gN83kQEtQ"], ["id", 1], ["LIMIT", 1]]
  ↳ app/controllers/sessions_controller.rb:7
  [1m[35m (0.2ms)[0m  [1m[35mCOMMIT[0m
  ↳ app/controllers/sessions_controller.rb:7
  [1m[35m (0.1ms)[0m  [1m[35mBEGIN[0m
  ↳ app/models/user.rb:26
  [1m[36mUser Exists (0.3ms)[0m  [1m[34mSELECT  1 AS one FROM "users" WHERE "users"."session_token" = $1 AND "users"."id" != $2 LIMIT $3[0m  [["session_token", "SIhOtdp8ZZohvlwnlU6Hqg"], ["id", 1], ["LIMIT", 1]]
  ↳ app/models/user.rb:26
  [1m[36mUser Update (0.4ms)[0m  [1m[33mUPDATE "users" SET "session_token" = $1 WHERE "users"."id" = $2[0m  [["session_token", "SIhOtdp8ZZohvlwnlU6Hqg"], ["id", 1]]
  ↳ app/models/user.rb:26
  [1m[35m (0.4ms)[0m  [1m[35mCOMMIT[0m
  ↳ app/models/user.rb:26
Redirected to http://localhost:3000/users/1
Completed 302 Found in 227ms (ActiveRecord: 4.7ms)


Started GET "/users/1" for ::1 at 2021-04-12 13:54:21 -0400
Processing by UsersController#show as HTML
  Parameters: {"id"=>"1"}
  [1m[36mUser Load (0.3ms)[0m  [1m[34mSELECT  "users".* FROM "users" WHERE "users"."session_token" = $1 LIMIT $2[0m  [["session_token", "SIhOtdp8ZZohvlwnlU6Hqg"], ["LIMIT", 1]]
  ↳ app/controllers/application_controller.rb:6
  [1m[36mUser Load (0.3ms)[0m  [1m[34mSELECT  "users".* FROM "users" WHERE "users"."id" = $1 LIMIT $2[0m  [["id", 1], ["LIMIT", 1]]
  ↳ app/controllers/users_controller.rb:22
  Rendering users/show.html.erb within layouts/application
  Rendered users/show.html.erb within layouts/application (0.3ms)
  [1m[36mCACHE User Load (0.0ms)[0m  [1m[34mSELECT  "users".* FROM "users" WHERE "users"."session_token" = $1 LIMIT $2[0m  [["session_token", "SIhOtdp8ZZohvlwnlU6Hqg"], ["LIMIT", 1]]
  ↳ app/controllers/application_controller.rb:6
Completed 200 OK in 29ms (Views: 24.8ms | ActiveRecord: 0.6ms)


Started DELETE "/session" for ::1 at 2021-04-12 13:54:22 -0400
Processing by SessionsController#destroy as HTML
  Parameters: {"authenticity_token"=>"aEFUCucprhWXhsx_4YsyjPWhuPHq8y_8v-izjF6X6oyRGF8z5TQOQOQIDU2LAZcV3S4gy1NjCLl0srGLyIX6cQ"}
  [1m[36mUser Load (0.2ms)[0m  [1m[34mSELECT  "users".* FROM "users" WHERE "users"."session_token" = $1 LIMIT $2[0m  [["session_token", "SIhOtdp8ZZohvlwnlU6Hqg"], ["LIMIT", 1]]
  ↳ app/controllers/application_controller.rb:6
  [1m[36mCACHE User Load (0.0ms)[0m  [1m[34mSELECT  "users".* FROM "users" WHERE "users"."session_token" = $1 LIMIT $2[0m  [["session_token", "SIhOtdp8ZZohvlwnlU6Hqg"], ["LIMIT", 1]]
  ↳ app/controllers/application_controller.rb:6
  [1m[35m (0.2ms)[0m  [1m[35mBEGIN[0m
  ↳ app/models/user.rb:26
  [1m[36mUser Exists (0.3ms)[0m  [1m[34mSELECT  1 AS one FROM "users" WHERE "users"."session_token" = $1 AND "users"."id" != $2 LIMIT $3[0m  [["session_token", "GLKjUrA6nYK3XrrcBd5-WQ"], ["id", 1], ["LIMIT", 1]]
  ↳ app/models/user.rb:26
  [1m[36mUser Update (0.3ms)[0m  [1m[33mUPDATE "users" SET "session_token" = $1 WHERE "users"."id" = $2[0m  [["session_token", "GLKjUrA6nYK3XrrcBd5-WQ"], ["id", 1]]
  ↳ app/models/user.rb:26
  [1m[35m (0.4ms)[0m  [1m[35mCOMMIT[0m
  ↳ app/models/user.rb:26
Redirected to http://localhost:3000/session/new
Completed 302 Found in 21ms (ActiveRecord: 4.9ms)


Started GET "/session/new" for ::1 at 2021-04-12 13:54:23 -0400
Processing by SessionsController#new as HTML
  Rendering sessions/new.html.erb within layouts/application
  Rendered sessions/new.html.erb within layouts/application (0.5ms)
  [1m[36mUser Load (0.3ms)[0m  [1m[34mSELECT  "users".* FROM "users" WHERE "users"."session_token" IS NULL LIMIT $1[0m  [["LIMIT", 1]]
  ↳ app/controllers/application_controller.rb:6
Completed 200 OK in 25ms (Views: 24.3ms | ActiveRecord: 0.3ms)


Started POST "/session" for ::1 at 2021-04-12 13:54:27 -0400
Processing by SessionsController#create as HTML
  Parameters: {"authenticity_token"=>"YVpcH2QYyTbijv-1F0aMTYmMYUrVAbUzG6-bgHTJIqOYA1cmZgVpY5EAPod9zCnUoQP5cGyRknbQ9ZmH4tsyXg", "user"=>{"username"=>"sam", "password"=>"[FILTERED]"}}
  [1m[36mUser Load (0.4ms)[0m  [1m[34mSELECT  "users".* FROM "users" WHERE "users"."username" = $1 LIMIT $2[0m  [["username", "sam"], ["LIMIT", 1]]
  ↳ app/models/user.rb:31
Completed 500 Internal Server Error in 217ms (ActiveRecord: 0.4ms)



NoMethodError - undefined method `save' for nil:NilClass:
  app/controllers/sessions_controller.rb:7:in `create'

Started POST "/__better_errors/85ecd60492df6e43/variables" for ::1 at 2021-04-12 13:54:27 -0400
Started GET "/session/new" for ::1 at 2021-04-12 13:57:08 -0400
Processing by SessionsController#new as HTML
  Rendering sessions/new.html.erb within layouts/application
  Rendered sessions/new.html.erb within layouts/application (0.7ms)
  [1m[36mUser Load (0.3ms)[0m  [1m[34mSELECT  "users".* FROM "users" WHERE "users"."session_token" IS NULL LIMIT $1[0m  [["LIMIT", 1]]
  ↳ app/controllers/application_controller.rb:6
Completed 200 OK in 29ms (Views: 28.2ms | ActiveRecord: 0.3ms)


Started POST "/session" for ::1 at 2021-04-12 13:57:13 -0400
Processing by SessionsController#create as HTML
  Parameters: {"authenticity_token"=>"KChoN7RCYUiEAKeAaXCyCNip3ftrvui_GTFERYV6v-jRcWMOtl_BHfeOZrID-heR8CZFwdIuz_rSa0ZCE2ivFQ", "user"=>{"username"=>"sam", "password"=>"[FILTERED]"}}
  [1m[36mUser Load (0.3ms)[0m  [1m[34mSELECT  "users".* FROM "users" WHERE "users"."username" = $1 LIMIT $2[0m  [["username", "sam"], ["LIMIT", 1]]
  ↳ app/models/user.rb:31
  [1m[35m (0.2ms)[0m  [1m[35mBEGIN[0m
  ↳ app/controllers/sessions_controller.rb:7
  [1m[36mUser Exists (0.4ms)[0m  [1m[34mSELECT  1 AS one FROM "users" WHERE "users"."session_token" = $1 AND "users"."id" != $2 LIMIT $3[0m  [["session_token", "GLKjUrA6nYK3XrrcBd5-WQ"], ["id", 1], ["LIMIT", 1]]
  ↳ app/controllers/sessions_controller.rb:7
  [1m[35m (0.1ms)[0m  [1m[35mCOMMIT[0m
  ↳ app/controllers/sessions_controller.rb:7
  [1m[35m (0.1ms)[0m  [1m[35mBEGIN[0m
  ↳ app/models/user.rb:26
  [1m[36mUser Exists (0.3ms)[0m  [1m[34mSELECT  1 AS one FROM "users" WHERE "users"."session_token" = $1 AND "users"."id" != $2 LIMIT $3[0m  [["session_token", "u8BgVI7jTnTzHQPtzHYh6g"], ["id", 1], ["LIMIT", 1]]
  ↳ app/models/user.rb:26
  [1m[36mUser Update (0.3ms)[0m  [1m[33mUPDATE "users" SET "session_token" = $1 WHERE "users"."id" = $2[0m  [["session_token", "u8BgVI7jTnTzHQPtzHYh6g"], ["id", 1]]
  ↳ app/models/user.rb:26
  [1m[35m (0.4ms)[0m  [1m[35mCOMMIT[0m
  ↳ app/models/user.rb:26
Redirected to http://localhost:3000/users/1
Completed 302 Found in 222ms (ActiveRecord: 2.0ms)


Started GET "/users/1" for ::1 at 2021-04-12 13:57:13 -0400
Processing by UsersController#show as HTML
  Parameters: {"id"=>"1"}
  [1m[36mUser Load (0.3ms)[0m  [1m[34mSELECT  "users".* FROM "users" WHERE "users"."session_token" = $1 LIMIT $2[0m  [["session_token", "u8BgVI7jTnTzHQPtzHYh6g"], ["LIMIT", 1]]
  ↳ app/controllers/application_controller.rb:6
  [1m[36mUser Load (0.3ms)[0m  [1m[34mSELECT  "users".* FROM "users" WHERE "users"."id" = $1 LIMIT $2[0m  [["id", 1], ["LIMIT", 1]]
  ↳ app/controllers/users_controller.rb:22
  Rendering users/show.html.erb within layouts/application
  Rendered users/show.html.erb within layouts/application (0.3ms)
  [1m[36mCACHE User Load (0.0ms)[0m  [1m[34mSELECT  "users".* FROM "users" WHERE "users"."session_token" = $1 LIMIT $2[0m  [["session_token", "u8BgVI7jTnTzHQPtzHYh6g"], ["LIMIT", 1]]
  ↳ app/controllers/application_controller.rb:6
Completed 200 OK in 35ms (Views: 30.7ms | ActiveRecord: 0.6ms)


Started DELETE "/session" for ::1 at 2021-04-12 13:57:15 -0400
Processing by SessionsController#destroy as HTML
  Parameters: {"authenticity_token"=>"hlWZzuuJ-AcC2hwRCKZ9nEj_AnfdBAFsgNVIvjl5y2J_DJL36ZRYUnFU3SNiLNgFYHCaTWSUJilLj0q5r2vbnw"}
  [1m[36mUser Load (0.2ms)[0m  [1m[34mSELECT  "users".* FROM "users" WHERE "users"."session_token" = $1 LIMIT $2[0m  [["session_token", "u8BgVI7jTnTzHQPtzHYh6g"], ["LIMIT", 1]]
  ↳ app/controllers/application_controller.rb:6
  [1m[36mCACHE User Load (0.0ms)[0m  [1m[34mSELECT  "users".* FROM "users" WHERE "users"."session_token" = $1 LIMIT $2[0m  [["session_token", "u8BgVI7jTnTzHQPtzHYh6g"], ["LIMIT", 1]]
  ↳ app/controllers/application_controller.rb:6
  [1m[35m (0.2ms)[0m  [1m[35mBEGIN[0m
  ↳ app/models/user.rb:26
  [1m[36mUser Exists (0.3ms)[0m  [1m[34mSELECT  1 AS one FROM "users" WHERE "users"."session_token" = $1 AND "users"."id" != $2 LIMIT $3[0m  [["session_token", "yPXJNuToEkCmhK7CgQ5_5A"], ["id", 1], ["LIMIT", 1]]
  ↳ app/models/user.rb:26
  [1m[36mUser Update (0.4ms)[0m  [1m[33mUPDATE "users" SET "session_token" = $1 WHERE "users"."id" = $2[0m  [["session_token", "yPXJNuToEkCmhK7CgQ5_5A"], ["id", 1]]
  ↳ app/models/user.rb:26
  [1m[35m (0.4ms)[0m  [1m[35mCOMMIT[0m
  ↳ app/models/user.rb:26
Redirected to http://localhost:3000/session/new
Completed 302 Found in 10ms (ActiveRecord: 1.5ms)


Started GET "/session/new" for ::1 at 2021-04-12 13:57:15 -0400
Processing by SessionsController#new as HTML
  Rendering sessions/new.html.erb within layouts/application
  Rendered sessions/new.html.erb within layouts/application (0.9ms)
  [1m[36mUser Load (0.4ms)[0m  [1m[34mSELECT  "users".* FROM "users" WHERE "users"."session_token" IS NULL LIMIT $1[0m  [["LIMIT", 1]]
  ↳ app/controllers/application_controller.rb:6
Completed 200 OK in 65ms (Views: 64.0ms | ActiveRecord: 0.4ms)


Started POST "/session" for ::1 at 2021-04-12 13:57:18 -0400
Processing by SessionsController#create as HTML
  Parameters: {"authenticity_token"=>"KSOJq1HK2KtTlLIZz9mh7GcjMjp70rGWl0mm5l7tpFfQeoKSU9d4_iAacyulUwR1T6yqAMJCltNcE6ThyP-0qg", "user"=>{"username"=>"asdasd", "password"=>"[FILTERED]"}}
  [1m[36mUser Load (0.3ms)[0m  [1m[34mSELECT  "users".* FROM "users" WHERE "users"."username" = $1 LIMIT $2[0m  [["username", "asdasd"], ["LIMIT", 1]]
  ↳ app/models/user.rb:31
Completed 500 Internal Server Error in 3ms (ActiveRecord: 0.3ms)



NoMethodError - undefined method `save' for nil:NilClass:
  app/controllers/sessions_controller.rb:7:in `create'

Started POST "/__better_errors/95171f1d44ccd46b/variables" for ::1 at 2021-04-12 13:57:18 -0400
Started POST "/session" for ::1 at 2021-04-12 13:58:43 -0400
Processing by SessionsController#create as HTML
  Parameters: {"authenticity_token"=>"KSOJq1HK2KtTlLIZz9mh7GcjMjp70rGWl0mm5l7tpFfQeoKSU9d4_iAacyulUwR1T6yqAMJCltNcE6ThyP-0qg", "user"=>{"username"=>"asdasd", "password"=>"[FILTERED]"}}
  [1m[36mUser Load (0.2ms)[0m  [1m[34mSELECT  "users".* FROM "users" WHERE "users"."username" = $1 LIMIT $2[0m  [["username", "asdasd"], ["LIMIT", 1]]
  ↳ app/models/user.rb:31
Completed 500 Internal Server Error in 10ms (ActiveRecord: 1.5ms)



NoMethodError - undefined method `errors' for nil:NilClass:
  app/controllers/sessions_controller.rb:11:in `create'

Started POST "/__better_errors/b521e6c4001ebf9e/variables" for ::1 at 2021-04-12 13:58:43 -0400
Started POST "/session" for ::1 at 2021-04-12 13:59:57 -0400
Processing by SessionsController#create as HTML
  Parameters: {"authenticity_token"=>"KSOJq1HK2KtTlLIZz9mh7GcjMjp70rGWl0mm5l7tpFfQeoKSU9d4_iAacyulUwR1T6yqAMJCltNcE6ThyP-0qg", "user"=>{"username"=>"asdasd", "password"=>"[FILTERED]"}}
  [1m[36mUser Load (0.2ms)[0m  [1m[34mSELECT  "users".* FROM "users" WHERE "users"."username" = $1 LIMIT $2[0m  [["username", "asdasd"], ["LIMIT", 1]]
  ↳ app/models/user.rb:31
Completed 500 Internal Server Error in 10ms (ActiveRecord: 1.6ms)



NoMethodError - undefined method `errors' for nil:NilClass:
  app/controllers/sessions_controller.rb:11:in `create'

Started POST "/__better_errors/63488dcebfd99a18/variables" for ::1 at 2021-04-12 13:59:57 -0400
Started POST "/session" for ::1 at 2021-04-12 14:03:16 -0400
Processing by SessionsController#create as HTML
  Parameters: {"authenticity_token"=>"KSOJq1HK2KtTlLIZz9mh7GcjMjp70rGWl0mm5l7tpFfQeoKSU9d4_iAacyulUwR1T6yqAMJCltNcE6ThyP-0qg", "user"=>{"username"=>"asdasd", "password"=>"[FILTERED]"}}
  [1m[36mUser Load (0.2ms)[0m  [1m[34mSELECT  "users".* FROM "users" WHERE "users"."username" = $1 LIMIT $2[0m  [["username", "asdasd"], ["LIMIT", 1]]
  ↳ app/models/user.rb:31
Completed 500 Internal Server Error in 3ms (ActiveRecord: 0.2ms)



NoMethodError - undefined method `errors' for nil:NilClass:
  app/controllers/sessions_controller.rb:11:in `create'

Started POST "/__better_errors/682c0007d3234d8d/variables" for ::1 at 2021-04-12 14:03:16 -0400
Started POST "/session" for ::1 at 2021-04-12 14:04:53 -0400
Processing by SessionsController#create as HTML
  Parameters: {"authenticity_token"=>"KSOJq1HK2KtTlLIZz9mh7GcjMjp70rGWl0mm5l7tpFfQeoKSU9d4_iAacyulUwR1T6yqAMJCltNcE6ThyP-0qg", "user"=>{"username"=>"asdasd", "password"=>"[FILTERED]"}}
  [1m[36mUser Load (0.2ms)[0m  [1m[34mSELECT  "users".* FROM "users" WHERE "users"."username" = $1 LIMIT $2[0m  [["username", "asdasd"], ["LIMIT", 1]]
  ↳ app/models/user.rb:31
Completed 500 Internal Server Error in 10ms (ActiveRecord: 1.5ms)



NoMethodError - undefined method `errors' for nil:NilClass:
  app/controllers/sessions_controller.rb:11:in `create'

Started POST "/__better_errors/34d2e821e80e85ee/variables" for ::1 at 2021-04-12 14:04:53 -0400
Started GET "/session/new" for ::1 at 2021-04-12 14:04:58 -0400
Processing by SessionsController#new as HTML
  Rendering sessions/new.html.erb within layouts/application
  Rendered sessions/new.html.erb within layouts/application (0.6ms)
  [1m[36mUser Load (0.5ms)[0m  [1m[34mSELECT  "users".* FROM "users" WHERE "users"."session_token" IS NULL LIMIT $1[0m  [["LIMIT", 1]]
  ↳ app/controllers/application_controller.rb:6
Completed 200 OK in 47ms (Views: 46.2ms | ActiveRecord: 0.5ms)


Started GET "/session/new" for ::1 at 2021-04-12 14:04:58 -0400
Processing by SessionsController#new as HTML
  Rendering sessions/new.html.erb within layouts/application
  Rendered sessions/new.html.erb within layouts/application (0.6ms)
  [1m[36mUser Load (0.2ms)[0m  [1m[34mSELECT  "users".* FROM "users" WHERE "users"."session_token" IS NULL LIMIT $1[0m  [["LIMIT", 1]]
  ↳ app/controllers/application_controller.rb:6
Completed 200 OK in 27ms (Views: 25.9ms | ActiveRecord: 0.2ms)


Started POST "/session" for ::1 at 2021-04-12 14:05:00 -0400
Processing by SessionsController#create as HTML
  Parameters: {"authenticity_token"=>"gWe6GPDKSS7MxhVx1Qcl6UVAqua7-_DlD-VOaHE4da94PrEh8tfpe79I1EO_jYBwbc8y3AJr16DEv0xv5yplUg", "user"=>{"username"=>"asdasd", "password"=>"[FILTERED]"}}
  [1m[36mUser Load (0.2ms)[0m  [1m[34mSELECT  "users".* FROM "users" WHERE "users"."username" = $1 LIMIT $2[0m  [["username", "asdasd"], ["LIMIT", 1]]
  ↳ app/models/user.rb:31
Completed 500 Internal Server Error in 4ms (ActiveRecord: 0.2ms)



NoMethodError - undefined method `errors' for nil:NilClass:
  app/controllers/sessions_controller.rb:11:in `create'

Started POST "/__better_errors/10031aca5881cf5f/variables" for ::1 at 2021-04-12 14:05:00 -0400
Started GET "/session/new" for ::1 at 2021-04-12 14:06:09 -0400
Processing by SessionsController#new as HTML
  Rendering sessions/new.html.erb within layouts/application
  Rendered sessions/new.html.erb within layouts/application (0.9ms)
  [1m[36mUser Load (0.2ms)[0m  [1m[34mSELECT  "users".* FROM "users" WHERE "users"."session_token" IS NULL LIMIT $1[0m  [["LIMIT", 1]]
  ↳ app/controllers/application_controller.rb:6
Completed 200 OK in 37ms (Views: 34.6ms | ActiveRecord: 1.4ms)


Started GET "/session/new" for ::1 at 2021-04-12 14:06:10 -0400
Processing by SessionsController#new as HTML
  Rendering sessions/new.html.erb within layouts/application
  Rendered sessions/new.html.erb within layouts/application (0.5ms)
  [1m[36mUser Load (0.3ms)[0m  [1m[34mSELECT  "users".* FROM "users" WHERE "users"."session_token" IS NULL LIMIT $1[0m  [["LIMIT", 1]]
  ↳ app/controllers/application_controller.rb:6
Completed 200 OK in 30ms (Views: 29.0ms | ActiveRecord: 0.3ms)


Started POST "/session" for ::1 at 2021-04-12 14:06:12 -0400
Processing by SessionsController#create as HTML
  Parameters: {"authenticity_token"=>"B53_-i2jUfabPREXoRn_wSOFIWivKUVmaivNUNNN8yj-xPTDL77xo-iz0CXLk1pYCwq5Uha5YiOhcc9XRV_j1Q", "user"=>{"username"=>"asdasd", "password"=>"[FILTERED]"}}
  [1m[36mUser Load (0.2ms)[0m  [1m[34mSELECT  "users".* FROM "users" WHERE "users"."username" = $1 LIMIT $2[0m  [["username", "asdasd"], ["LIMIT", 1]]
  ↳ app/models/user.rb:31
Completed 500 Internal Server Error in 4ms (ActiveRecord: 0.2ms)



NoMethodError - undefined method `errors' for nil:NilClass:
  app/controllers/sessions_controller.rb:11:in `create'

Started POST "/__better_errors/920f10e8f99daad9/variables" for ::1 at 2021-04-12 14:06:12 -0400
Started GET "/session/new" for ::1 at 2021-04-12 14:08:45 -0400
Processing by SessionsController#new as HTML
  Rendering sessions/new.html.erb within layouts/application
  Rendered sessions/new.html.erb within layouts/application (0.8ms)
  [1m[36mUser Load (0.1ms)[0m  [1m[34mSELECT  "users".* FROM "users" WHERE "users"."session_token" IS NULL LIMIT $1[0m  [["LIMIT", 1]]
  ↳ app/controllers/application_controller.rb:6
Completed 200 OK in 33ms (Views: 30.9ms | ActiveRecord: 1.4ms)


Started POST "/session" for ::1 at 2021-04-12 14:08:48 -0400
Processing by SessionsController#create as HTML
  Parameters: {"authenticity_token"=>"tuA6aVtsU-rIIWHRcyngl7CbJUf4CMhvfPZbJ611z49PuTFQWXHzv7uvoOMZo0UOmBS9fUGY7yq3rFkgO2ffcg", "user"=>{"username"=>"asdas", "password"=>"[FILTERED]"}}
  [1m[36mUser Load (0.3ms)[0m  [1m[34mSELECT  "users".* FROM "users" WHERE "users"."username" = $1 LIMIT $2[0m  [["username", "asdas"], ["LIMIT", 1]]
  ↳ app/models/user.rb:31
  Rendering sessions/new.html.erb within layouts/application
  Rendered sessions/new.html.erb within layouts/application (0.5ms)
  [1m[36mUser Load (0.3ms)[0m  [1m[34mSELECT  "users".* FROM "users" WHERE "users"."session_token" IS NULL LIMIT $1[0m  [["LIMIT", 1]]
  ↳ app/controllers/application_controller.rb:6
Completed 500 Internal Server Error in 319ms (ActiveRecord: 0.6ms)



NameError - undefined local variable or method `r' for #<#<Class:0x00007f3fc9f21998>:0x00007f3fc98dba20>:
  app/views/layouts/application.html.erb:26:in `block in _app_views_layouts_application_html_erb___2250923194990414040_69955970580820'
  app/views/layouts/application.html.erb:24:in `_app_views_layouts_application_html_erb___2250923194990414040_69955970580820'
  app/controllers/sessions_controller.rb:12:in `create'

Started POST "/__better_errors/cf1c1ea37e0aa3ad/variables" for ::1 at 2021-04-12 14:08:48 -0400
Started GET "/session/new" for ::1 at 2021-04-12 14:09:12 -0400
Processing by SessionsController#new as HTML
  Rendering sessions/new.html.erb within layouts/application
  Rendered sessions/new.html.erb within layouts/application (0.6ms)
  [1m[36mUser Load (0.1ms)[0m  [1m[34mSELECT  "users".* FROM "users" WHERE "users"."session_token" IS NULL LIMIT $1[0m  [["LIMIT", 1]]
  ↳ app/controllers/application_controller.rb:6
Completed 200 OK in 35ms (Views: 33.0ms | ActiveRecord: 1.8ms)


Started POST "/session" for ::1 at 2021-04-12 14:09:14 -0400
Processing by SessionsController#create as HTML
  Parameters: {"authenticity_token"=>"l2-19vDPjNqxpIzBLhGBc_X5GZyRd1u9nSnna_vvTR5uNr7P8tIsj8IqTfNEmyTq3XaBpijnfPhWc-Vsbf1d4w", "user"=>{"username"=>"asdas", "password"=>"[FILTERED]"}}
  [1m[36mUser Load (0.3ms)[0m  [1m[34mSELECT  "users".* FROM "users" WHERE "users"."username" = $1 LIMIT $2[0m  [["username", "asdas"], ["LIMIT", 1]]
  ↳ app/models/user.rb:31
  Rendering sessions/new.html.erb within layouts/application
  Rendered sessions/new.html.erb within layouts/application (0.6ms)
  [1m[36mUser Load (0.2ms)[0m  [1m[34mSELECT  "users".* FROM "users" WHERE "users"."session_token" IS NULL LIMIT $1[0m  [["LIMIT", 1]]
  ↳ app/controllers/application_controller.rb:6
Completed 200 OK in 27ms (Views: 23.3ms | ActiveRecord: 0.6ms)


  [1m[35m (0.1ms)[0m  [1m[34mSELECT pg_try_advisory_lock(6711173107426626090)[0m
  ↳ bin/rails:9
  [1m[35m (0.8ms)[0m  [1m[34mSELECT "schema_migrations"."version" FROM "schema_migrations" ORDER BY "schema_migrations"."version" ASC[0m
  ↳ bin/rails:9
Migrating to CreateSubs (20210412181134)
  [1m[35m (0.1ms)[0m  [1m[35mBEGIN[0m
  ↳ bin/rails:9
  [1m[35m (54.7ms)[0m  [1m[35mCREATE TABLE "subs" ("id" bigserial primary key, "title" character varying, "description" character varying, "moderator_id" integer)[0m
  ↳ db/migrate/20210412181134_create_subs.rb:3
  [1m[35m (3.2ms)[0m  [1m[35mCREATE  INDEX  "index_subs_on_moderator_id" ON "subs"  ("moderator_id")[0m
  ↳ db/migrate/20210412181134_create_subs.rb:9
  [1m[36mActiveRecord::SchemaMigration Create (0.5ms)[0m  [1m[32mINSERT INTO "schema_migrations" ("version") VALUES ($1) RETURNING "version"[0m  [["version", "20210412181134"]]
  ↳ bin/rails:9
  [1m[35m (6.2ms)[0m  [1m[35mCOMMIT[0m
  ↳ bin/rails:9
  [1m[36mActiveRecord::InternalMetadata Load (14.5ms)[0m  [1m[34mSELECT  "ar_internal_metadata".* FROM "ar_internal_metadata" WHERE "ar_internal_metadata"."key" = $1 LIMIT $2[0m  [["key", "environment"], ["LIMIT", 1]]
  ↳ bin/rails:9
  [1m[35m (0.2ms)[0m  [1m[35mBEGIN[0m
  ↳ bin/rails:9
  [1m[35m (0.1ms)[0m  [1m[35mCOMMIT[0m
  ↳ bin/rails:9
  [1m[35m (0.2ms)[0m  [1m[34mSELECT pg_advisory_unlock(6711173107426626090)[0m
  ↳ bin/rails:9
  [1m[35m (0.2ms)[0m  [1m[34mSELECT "schema_migrations"."version" FROM "schema_migrations" ORDER BY "schema_migrations"."version" ASC[0m
  ↳ bin/rails:9
Started POST "/session" for ::1 at 2021-04-12 15:12:06 -0400
  [1m[35m (13.9ms)[0m  [1m[34mSELECT "schema_migrations"."version" FROM "schema_migrations" ORDER BY "schema_migrations"."version" ASC[0m
  ↳ /home/sam_qi/.rbenv/versions/2.5.1/lib/ruby/gems/2.5.0/gems/activerecord-5.2.5/lib/active_record/log_subscriber.rb:98
Processing by SessionsController#create as HTML
  Parameters: {"authenticity_token"=>"Ar0iXJEy-_jXOZ-EPGz_5FpBXJmZjnp-e91unbB5Omz75Cllky9braS3XrZW5lp9cs7EoyAeXTuwh2yaJmsqkQ", "user"=>{"username"=>"sadasd", "password"=>"[FILTERED]"}}
  [1m[36mUser Load (7.9ms)[0m  [1m[34mSELECT  "users".* FROM "users" WHERE "users"."username" = $1 LIMIT $2[0m  [["username", "sadasd"], ["LIMIT", 1]]
  ↳ app/models/user.rb:35
  Rendering sessions/new.html.erb within layouts/application
  Rendered sessions/new.html.erb within layouts/application (0.5ms)
  [1m[36mUser Load (0.2ms)[0m  [1m[34mSELECT  "users".* FROM "users" WHERE "users"."session_token" IS NULL LIMIT $1[0m  [["LIMIT", 1]]
  ↳ app/controllers/application_controller.rb:6
Completed 200 OK in 98ms (Views: 34.5ms | ActiveRecord: 47.4ms)


Started POST "/session" for ::1 at 2021-04-12 15:16:37 -0400
Processing by SessionsController#create as HTML
  Parameters: {"authenticity_token"=>"aARqOgb1tKowq3Wq8L_QLlVjN-3a9vnR4IEGC5HbjgWRXWEDBOgU_0MltJiaNXW3feyv12Nm3pQr2wQMB8me-A", "user"=>{"username"=>"asdasd", "password"=>"[FILTERED]"}}
  [1m[36mUser Load (0.2ms)[0m  [1m[34mSELECT  "users".* FROM "users" WHERE "users"."username" = $1 LIMIT $2[0m  [["username", "asdasd"], ["LIMIT", 1]]
  ↳ app/models/user.rb:35
  Rendering sessions/new.html.erb within layouts/application
  Rendered sessions/new.html.erb within layouts/application (0.5ms)
  [1m[36mUser Load (0.3ms)[0m  [1m[34mSELECT  "users".* FROM "users" WHERE "users"."session_token" IS NULL LIMIT $1[0m  [["LIMIT", 1]]
  ↳ app/controllers/application_controller.rb:6
Completed 200 OK in 35ms (Views: 26.3ms | ActiveRecord: 2.0ms)


Started POST "/session" for ::1 at 2021-04-12 15:18:18 -0400
Processing by SessionsController#create as HTML
  Parameters: {"authenticity_token"=>"IjW2Ija-TZTon4GG8IGN0BEqYV2YdmaTPuov7XTB0L_bbL0bNKPtwZsRQLSaCyhJOaX5ZyHmQdb1sC3q4tPAQg", "user"=>{"username"=>"sam", "password"=>"[FILTERED]"}}
  [1m[36mUser Load (0.3ms)[0m  [1m[34mSELECT  "users".* FROM "users" WHERE "users"."username" = $1 LIMIT $2[0m  [["username", "sam"], ["LIMIT", 1]]
  ↳ app/models/user.rb:35
  [1m[35m (0.2ms)[0m  [1m[35mBEGIN[0m
  ↳ app/controllers/sessions_controller.rb:7
  [1m[36mUser Exists (0.4ms)[0m  [1m[34mSELECT  1 AS one FROM "users" WHERE "users"."session_token" = $1 AND "users"."id" != $2 LIMIT $3[0m  [["session_token", "yPXJNuToEkCmhK7CgQ5_5A"], ["id", 1], ["LIMIT", 1]]
  ↳ app/controllers/sessions_controller.rb:7
  [1m[35m (0.1ms)[0m  [1m[35mCOMMIT[0m
  ↳ app/controllers/sessions_controller.rb:7
  [1m[35m (0.1ms)[0m  [1m[35mBEGIN[0m
  ↳ app/models/user.rb:30
  [1m[36mUser Exists (0.3ms)[0m  [1m[34mSELECT  1 AS one FROM "users" WHERE "users"."session_token" = $1 AND "users"."id" != $2 LIMIT $3[0m  [["session_token", "bp0kcjJVyyupXfOyIOum3Q"], ["id", 1], ["LIMIT", 1]]
  ↳ app/models/user.rb:30
  [1m[36mUser Update (0.6ms)[0m  [1m[33mUPDATE "users" SET "session_token" = $1 WHERE "users"."id" = $2[0m  [["session_token", "bp0kcjJVyyupXfOyIOum3Q"], ["id", 1]]
  ↳ app/models/user.rb:30
  [1m[35m (8.7ms)[0m  [1m[35mCOMMIT[0m
  ↳ app/models/user.rb:30
Redirected to http://localhost:3000/users/1
Completed 302 Found in 267ms (ActiveRecord: 33.1ms)


Started GET "/users/1" for ::1 at 2021-04-12 15:18:18 -0400
Processing by UsersController#show as HTML
  Parameters: {"id"=>"1"}
  [1m[36mUser Load (0.4ms)[0m  [1m[34mSELECT  "users".* FROM "users" WHERE "users"."session_token" = $1 LIMIT $2[0m  [["session_token", "bp0kcjJVyyupXfOyIOum3Q"], ["LIMIT", 1]]
  ↳ app/controllers/application_controller.rb:6
  [1m[36mUser Load (0.2ms)[0m  [1m[34mSELECT  "users".* FROM "users" WHERE "users"."id" = $1 LIMIT $2[0m  [["id", 1], ["LIMIT", 1]]
  ↳ app/controllers/users_controller.rb:22
  Rendering users/show.html.erb within layouts/application
  Rendered users/show.html.erb within layouts/application (0.3ms)
  [1m[36mCACHE User Load (0.0ms)[0m  [1m[34mSELECT  "users".* FROM "users" WHERE "users"."session_token" = $1 LIMIT $2[0m  [["session_token", "bp0kcjJVyyupXfOyIOum3Q"], ["LIMIT", 1]]
  ↳ app/controllers/application_controller.rb:6
Completed 200 OK in 43ms (Views: 26.6ms | ActiveRecord: 4.2ms)


  [1m[35m (0.1ms)[0m  [1m[34mSELECT pg_try_advisory_lock(6711173107426626090)[0m
  ↳ bin/rails:9
  [1m[35m (0.6ms)[0m  [1m[34mSELECT "schema_migrations"."version" FROM "schema_migrations" ORDER BY "schema_migrations"."version" ASC[0m
  ↳ bin/rails:9
Migrating to CreatePosts (20210412192042)
  [1m[35m (0.1ms)[0m  [1m[35mBEGIN[0m
  ↳ bin/rails:9
  [1m[35m (30.6ms)[0m  [1m[35mCREATE TABLE "posts" ("id" bigserial primary key, "title" character varying, "url" character varying, "content" character varying, "sub_id" integer, "author_id" integer)[0m
  ↳ db/migrate/20210412192042_create_posts.rb:3
  [1m[35m (2.9ms)[0m  [1m[35mCREATE  INDEX  "index_posts_on_sub_id" ON "posts"  ("sub_id")[0m
  ↳ db/migrate/20210412192042_create_posts.rb:11
  [1m[35m (2.8ms)[0m  [1m[35mCREATE  INDEX  "index_posts_on_author_id" ON "posts"  ("author_id")[0m
  ↳ db/migrate/20210412192042_create_posts.rb:12
  [1m[36mActiveRecord::SchemaMigration Create (0.5ms)[0m  [1m[32mINSERT INTO "schema_migrations" ("version") VALUES ($1) RETURNING "version"[0m  [["version", "20210412192042"]]
  ↳ bin/rails:9
  [1m[35m (6.1ms)[0m  [1m[35mCOMMIT[0m
  ↳ bin/rails:9
  [1m[36mActiveRecord::InternalMetadata Load (6.8ms)[0m  [1m[34mSELECT  "ar_internal_metadata".* FROM "ar_internal_metadata" WHERE "ar_internal_metadata"."key" = $1 LIMIT $2[0m  [["key", "environment"], ["LIMIT", 1]]
  ↳ bin/rails:9
  [1m[35m (0.1ms)[0m  [1m[35mBEGIN[0m
  ↳ bin/rails:9
  [1m[35m (0.1ms)[0m  [1m[35mCOMMIT[0m
  ↳ bin/rails:9
  [1m[35m (0.1ms)[0m  [1m[34mSELECT pg_advisory_unlock(6711173107426626090)[0m
  ↳ bin/rails:9
  [1m[35m (0.3ms)[0m  [1m[34mSELECT "schema_migrations"."version" FROM "schema_migrations" ORDER BY "schema_migrations"."version" ASC[0m
  ↳ bin/rails:9
Started DELETE "/session" for ::1 at 2021-04-12 15:49:15 -0400
  [1m[35m (12.8ms)[0m  [1m[34mSELECT "schema_migrations"."version" FROM "schema_migrations" ORDER BY "schema_migrations"."version" ASC[0m
  ↳ /home/sam_qi/.rbenv/versions/2.5.1/lib/ruby/gems/2.5.0/gems/activerecord-5.2.5/lib/active_record/log_subscriber.rb:98
Processing by SessionsController#destroy as HTML
  Parameters: {"authenticity_token"=>"7EUkQnxs-7c_iR2FuNNjSaKKGw94t-uhu5a8JM8lcZIVHC97fnFb4kwH3LfSWcbQigWDNcEnzORwzL4jWTdhbw"}
  [1m[36mUser Load (7.3ms)[0m  [1m[34mSELECT  "users".* FROM "users" WHERE "users"."session_token" = $1 LIMIT $2[0m  [["session_token", "bp0kcjJVyyupXfOyIOum3Q"], ["LIMIT", 1]]
  ↳ app/controllers/application_controller.rb:6
  [1m[36mCACHE User Load (0.0ms)[0m  [1m[34mSELECT  "users".* FROM "users" WHERE "users"."session_token" = $1 LIMIT $2[0m  [["session_token", "bp0kcjJVyyupXfOyIOum3Q"], ["LIMIT", 1]]
  ↳ app/controllers/application_controller.rb:6
  [1m[35m (0.2ms)[0m  [1m[35mBEGIN[0m
  ↳ app/models/user.rb:34
  [1m[36mUser Exists (0.5ms)[0m  [1m[34mSELECT  1 AS one FROM "users" WHERE "users"."session_token" = $1 AND "users"."id" != $2 LIMIT $3[0m  [["session_token", "HP8OAZxd-Cj7VPra1hQHTQ"], ["id", 1], ["LIMIT", 1]]
  ↳ app/models/user.rb:34
  [1m[36mUser Update (0.7ms)[0m  [1m[33mUPDATE "users" SET "session_token" = $1 WHERE "users"."id" = $2[0m  [["session_token", "HP8OAZxd-Cj7VPra1hQHTQ"], ["id", 1]]
  ↳ app/models/user.rb:34
  [1m[35m (6.5ms)[0m  [1m[35mCOMMIT[0m
  ↳ app/models/user.rb:34
Redirected to http://localhost:3000/session/new
Completed 302 Found in 102ms (ActiveRecord: 76.9ms)


Started GET "/session/new" for ::1 at 2021-04-12 15:49:16 -0400
Processing by SessionsController#new as HTML
  Rendering sessions/new.html.erb within layouts/application
  Rendered sessions/new.html.erb within layouts/application (0.6ms)
  [1m[36mUser Load (0.2ms)[0m  [1m[34mSELECT  "users".* FROM "users" WHERE "users"."session_token" IS NULL LIMIT $1[0m  [["LIMIT", 1]]
  ↳ app/controllers/application_controller.rb:6
Completed 200 OK in 31ms (Views: 30.1ms | ActiveRecord: 0.2ms)


